Performing C SOURCE FILE Test CMAKE_HAVE_LIBC_PTHREAD failed with the following output:
Change Dir: /home/amd/MAVSDK/cmake-build-debug/CMakeFiles/CMakeTmp

Run Build Command(s):/usr/bin/make cmTC_dada5/fast && /usr/bin/make  -f CMakeFiles/cmTC_dada5.dir/build.make CMakeFiles/cmTC_dada5.dir/build
make[1]: Entering directory '/home/amd/MAVSDK/cmake-build-debug/CMakeFiles/CMakeTmp'
Building C object CMakeFiles/cmTC_dada5.dir/src.c.o
/usr/bin/cc   -DCMAKE_HAVE_LIBC_PTHREAD -fPIE   -o CMakeFiles/cmTC_dada5.dir/src.c.o   -c /home/amd/MAVSDK/cmake-build-debug/CMakeFiles/CMakeTmp/src.c
Linking C executable cmTC_dada5
/tmp/mozilla_amd0/clion-2020.2.4/bin/cmake/linux/bin/cmake -E cmake_link_script CMakeFiles/cmTC_dada5.dir/link.txt --verbose=1
/usr/bin/cc  -DCMAKE_HAVE_LIBC_PTHREAD    -rdynamic CMakeFiles/cmTC_dada5.dir/src.c.o  -o cmTC_dada5 
CMakeFiles/cmTC_dada5.dir/src.c.o: In function `main':
src.c:(.text+0x3e): undefined reference to `pthread_create'
src.c:(.text+0x4a): undefined reference to `pthread_detach'
src.c:(.text+0x56): undefined reference to `pthread_cancel'
src.c:(.text+0x67): undefined reference to `pthread_join'
src.c:(.text+0x7b): undefined reference to `pthread_atfork'
collect2: error: ld returned 1 exit status
CMakeFiles/cmTC_dada5.dir/build.make:106: recipe for target 'cmTC_dada5' failed
make[1]: *** [cmTC_dada5] Error 1
make[1]: Leaving directory '/home/amd/MAVSDK/cmake-build-debug/CMakeFiles/CMakeTmp'
Makefile:141: recipe for target 'cmTC_dada5/fast' failed
make: *** [cmTC_dada5/fast] Error 2


Source file was:
#include <pthread.h>

void* test_func(void* data)
{
  return data;
}

int main(void)
{
  pthread_t thread;
  pthread_create(&thread, NULL, test_func, NULL);
  pthread_detach(thread);
  pthread_cancel(thread);
  pthread_join(thread, NULL);
  pthread_atfork(NULL, NULL, NULL);
  pthread_exit(NULL);

  return 0;
}

Determining if the function pthread_create exists in the pthreads failed with the following output:
Change Dir: /home/amd/MAVSDK/cmake-build-debug/CMakeFiles/CMakeTmp

Run Build Command(s):/usr/bin/make cmTC_ad44a/fast && /usr/bin/make  -f CMakeFiles/cmTC_ad44a.dir/build.make CMakeFiles/cmTC_ad44a.dir/build
make[1]: Entering directory '/home/amd/MAVSDK/cmake-build-debug/CMakeFiles/CMakeTmp'
Building C object CMakeFiles/cmTC_ad44a.dir/CheckFunctionExists.c.o
/usr/bin/cc   -DCHECK_FUNCTION_EXISTS=pthread_create -fPIE   -o CMakeFiles/cmTC_ad44a.dir/CheckFunctionExists.c.o   -c /tmp/mozilla_amd0/clion-2020.2.4/bin/cmake/linux/share/cmake-3.17/Modules/CheckFunctionExists.c
Linking C executable cmTC_ad44a
/tmp/mozilla_amd0/clion-2020.2.4/bin/cmake/linux/bin/cmake -E cmake_link_script CMakeFiles/cmTC_ad44a.dir/link.txt --verbose=1
/usr/bin/cc  -DCHECK_FUNCTION_EXISTS=pthread_create    -rdynamic CMakeFiles/cmTC_ad44a.dir/CheckFunctionExists.c.o  -o cmTC_ad44a  -lpthreads 
/usr/bin/ld: cannot find -lpthreads
collect2: error: ld returned 1 exit status
CMakeFiles/cmTC_ad44a.dir/build.make:106: recipe for target 'cmTC_ad44a' failed
make[1]: *** [cmTC_ad44a] Error 1
make[1]: Leaving directory '/home/amd/MAVSDK/cmake-build-debug/CMakeFiles/CMakeTmp'
Makefile:141: recipe for target 'cmTC_ad44a/fast' failed
make: *** [cmTC_ad44a/fast] Error 2



