[7.020s] DEBUG:colcon:Command line arguments: ['/usr/bin/colcon', 'list', '-p', '--base-paths', '/home/vsevolod/install/MAVSDK']
[7.020s] DEBUG:colcon:Parsed command line arguments: Namespace(log_base=None, log_level=None, verb_name='list', build_base='build', ignore_user_meta=False, metas=['./colcon.meta'], base_paths=['/home/vsevolod/install/MAVSDK'], packages_ignore=None, packages_ignore_regex=None, paths=None, packages_up_to=None, packages_up_to_regex=None, packages_above=None, packages_above_and_dependencies=None, packages_above_depth=None, packages_select_by_dep=None, packages_skip_by_dep=None, packages_skip_up_to=None, packages_select_build_failed=False, packages_skip_build_finished=False, packages_select_test_failures=False, packages_skip_test_passed=False, packages_select=None, packages_skip=None, packages_select_regex=None, packages_skip_regex=None, packages_start=None, packages_end=None, allow_overriding=[], topological_order=False, names_only=False, paths_only=True, topological_graph=False, topological_graph_dot=False, topological_graph_density=False, topological_graph_legend=False, topological_graph_dot_cluster=False, topological_graph_dot_include_skipped=False, verb_parser=<colcon_defaults.argument_parser.defaults.DefaultArgumentsDecorator object at 0x7fe888b6f340>, verb_extension=<colcon_package_information.verb.list.ListVerb object at 0x7fe888b6e350>, main=<bound method ListVerb.main of <colcon_package_information.verb.list.ListVerb object at 0x7fe888b6e350>>)
[7.169s] Level 1:colcon.colcon_core.package_discovery:discover_packages(colcon_meta) check parameters
[7.169s] Level 1:colcon.colcon_core.package_discovery:discover_packages(recursive) check parameters
[7.169s] Level 1:colcon.colcon_core.package_discovery:discover_packages(ignore) check parameters
[7.169s] Level 1:colcon.colcon_core.package_discovery:discover_packages(path) check parameters
[7.169s] Level 1:colcon.colcon_core.package_discovery:discover_packages(recursive) discover
[7.169s] INFO:colcon.colcon_core.package_discovery:Crawling recursively for packages in '/home/vsevolod/install/MAVSDK'
[7.170s] Level 1:colcon.colcon_core.package_identification:_identify(/home/vsevolod/install/MAVSDK) by extensions ['ignore', 'ignore_ament_install']
[7.170s] Level 1:colcon.colcon_core.package_identification:_identify(/home/vsevolod/install/MAVSDK) by extension 'ignore'
[7.170s] Level 1:colcon.colcon_core.package_identification:_identify(/home/vsevolod/install/MAVSDK) by extension 'ignore_ament_install'
[7.170s] Level 1:colcon.colcon_core.package_identification:_identify(/home/vsevolod/install/MAVSDK) by extensions ['colcon_pkg']
[7.170s] Level 1:colcon.colcon_core.package_identification:_identify(/home/vsevolod/install/MAVSDK) by extension 'colcon_pkg'
[7.170s] Level 1:colcon.colcon_core.package_identification:_identify(/home/vsevolod/install/MAVSDK) by extensions ['colcon_meta']
[7.171s] Level 1:colcon.colcon_core.package_identification:_identify(/home/vsevolod/install/MAVSDK) by extension 'colcon_meta'
[7.171s] Level 1:colcon.colcon_core.package_identification:_identify(/home/vsevolod/install/MAVSDK) by extensions ['ros']
[7.171s] Level 1:colcon.colcon_core.package_identification:_identify(/home/vsevolod/install/MAVSDK) by extension 'ros'
[7.204s] Level 1:colcon.colcon_core.package_identification:_identify(/home/vsevolod/install/MAVSDK) by extensions ['cmake', 'python']
[7.205s] Level 1:colcon.colcon_core.package_identification:_identify(/home/vsevolod/install/MAVSDK) by extension 'cmake'
[7.841s] Level 1:colcon.colcon_core.package_identification:_identify(/home/vsevolod/install/MAVSDK) by extension 'python'
[7.841s] DEBUG:colcon.colcon_core.package_identification:Package '/home/vsevolod/install/MAVSDK' with type 'cmake' and name 'mavsdk_superbuild'
[7.841s] Level 1:colcon.colcon_core.package_discovery:discover_packages(recursive) using defaults
